[debug] [2021-09-04T06:09:05.243Z] ----------------------------------------------------------------------
[debug] [2021-09-04T06:09:05.247Z] Command:       /Users/sayoko/.nodebrew/node/v16.1.0/bin/node /Users/sayoko/.nodebrew/current/bin/firebase deploy --only functions
[debug] [2021-09-04T06:09:05.247Z] CLI Version:   9.17.0
[debug] [2021-09-04T06:09:05.248Z] Platform:      darwin
[debug] [2021-09-04T06:09:05.248Z] Node Version:  v16.1.0
[debug] [2021-09-04T06:09:05.262Z] Time:          Sat Sep 04 2021 15:09:05 GMT+0900 (日本標準時)
[debug] [2021-09-04T06:09:05.262Z] ----------------------------------------------------------------------
[debug] 
[debug] [2021-09-04T06:09:05.267Z] >>> [apiv2][query] GET https://firebase-public.firebaseio.com/cli.json [none]
[debug] [2021-09-04T06:09:05.372Z] > command requires scopes: ["email","openid","https://www.googleapis.com/auth/cloudplatformprojects.readonly","https://www.googleapis.com/auth/firebase","https://www.googleapis.com/auth/cloud-platform"]
[debug] [2021-09-04T06:09:05.372Z] > authorizing via signed-in user (discegaudere.blackberry@gmail.com)
[debug] [2021-09-04T06:09:05.373Z] [iam] checking project virag-d7f0f for permissions ["cloudfunctions.functions.create","cloudfunctions.functions.delete","cloudfunctions.functions.get","cloudfunctions.functions.list","cloudfunctions.functions.update","cloudfunctions.operations.get","firebase.projects.get"]
[debug] [2021-09-04T06:09:05.374Z] > refreshing access token with scopes: ["email","https://www.googleapis.com/auth/cloud-platform","https://www.googleapis.com/auth/cloudplatformprojects.readonly","https://www.googleapis.com/auth/firebase","openid"]
[debug] [2021-09-04T06:09:05.374Z] >>> HTTP REQUEST POST https://www.googleapis.com/oauth2/v3/token  
 <request body omitted>
[debug] [2021-09-04T06:09:05.901Z] <<< HTTP RESPONSE 200 {"pragma":"no-cache","cache-control":"no-cache, no-store, max-age=0, must-revalidate","date":"Sat, 04 Sep 2021 06:09:05 GMT","expires":"Mon, 01 Jan 1990 00:00:00 GMT","content-type":"application/json; charset=utf-8","vary":"X-Origin, Referer, Origin,Accept-Encoding","server":"scaffolding on HTTPServer2","x-xss-protection":"0","x-frame-options":"SAMEORIGIN","x-content-type-options":"nosniff","alt-svc":"h3=\":443\"; ma=2592000,h3-29=\":443\"; ma=2592000,h3-T051=\":443\"; ma=2592000,h3-Q050=\":443\"; ma=2592000,h3-Q046=\":443\"; ma=2592000,h3-Q043=\":443\"; ma=2592000,quic=\":443\"; ma=2592000; v=\"46,43\"","accept-ranges":"none","transfer-encoding":"chunked"}
[debug] [2021-09-04T06:09:05.981Z] >>> HTTP REQUEST POST https://cloudresourcemanager.googleapis.com/v1/projects/virag-d7f0f:testIamPermissions  
 {"permissions":["cloudfunctions.functions.create","cloudfunctions.functions.delete","cloudfunctions.functions.get","cloudfunctions.functions.list","cloudfunctions.functions.update","cloudfunctions.operations.get","firebase.projects.get"]}
[debug] [2021-09-04T06:09:06.273Z] <<< [apiv2][status] GET https://firebase-public.firebaseio.com/cli.json 200
[debug] [2021-09-04T06:09:06.273Z] <<< [apiv2][body] GET https://firebase-public.firebaseio.com/cli.json {"cloudBuildErrorAfter":1594252800000,"cloudBuildWarnAfter":1590019200000,"defaultNode10After":1594252800000,"minVersion":"3.0.5","node8DeploysDisabledAfter":1613390400000,"node8RuntimeDisabledAfter":1615809600000,"node8WarnAfter":1600128000000}
[debug] [2021-09-04T06:09:07.035Z] <<< HTTP RESPONSE 200 {"content-type":"application/json; charset=UTF-8","vary":"X-Origin, Referer, Origin,Accept-Encoding","date":"Sat, 04 Sep 2021 06:09:06 GMT","server":"ESF","cache-control":"private","x-xss-protection":"0","x-frame-options":"SAMEORIGIN","x-content-type-options":"nosniff","server-timing":"gfet4t7; dur=583","alt-svc":"h3=\":443\"; ma=2592000,h3-29=\":443\"; ma=2592000,h3-T051=\":443\"; ma=2592000,h3-Q050=\":443\"; ma=2592000,h3-Q046=\":443\"; ma=2592000,h3-Q043=\":443\"; ma=2592000,quic=\":443\"; ma=2592000; v=\"46,43\"","accept-ranges":"none","transfer-encoding":"chunked"}
[debug] [2021-09-04T06:09:07.037Z] >>> HTTP REQUEST POST https://iam.googleapis.com/v1/projects/virag-d7f0f/serviceAccounts/virag-d7f0f@appspot.gserviceaccount.com:testIamPermissions  
 {"permissions":["iam.serviceAccounts.actAs"]}
[debug] [2021-09-04T06:09:08.207Z] <<< HTTP RESPONSE 200 {"content-type":"application/json; charset=UTF-8","vary":"X-Origin, Referer, Origin,Accept-Encoding","date":"Sat, 04 Sep 2021 06:09:08 GMT","server":"ESF","cache-control":"private","x-xss-protection":"0","x-frame-options":"SAMEORIGIN","x-content-type-options":"nosniff","alt-svc":"h3=\":443\"; ma=2592000,h3-29=\":443\"; ma=2592000,h3-T051=\":443\"; ma=2592000,h3-Q050=\":443\"; ma=2592000,h3-Q046=\":443\"; ma=2592000,h3-Q043=\":443\"; ma=2592000,quic=\":443\"; ma=2592000; v=\"46,43\"","accept-ranges":"none","transfer-encoding":"chunked"}
[info] 
[info] === Deploying to 'virag-d7f0f'...
[info] 
[info] i  deploying functions 
[debug] [2021-09-04T06:09:08.218Z] Validating nodejs source
[warn] ⚠  functions: package.json indicates an outdated version of firebase-functions.
Please upgrade using npm install --save firebase-functions@latest in your functions directory. 
[debug] [2021-09-04T06:09:10.718Z] > [functions] package.json contents: {
  "name": "functions",
  "scripts": {
    "lint": "eslint --ext .js,.ts .",
    "build": "tsc",
    "serve": "npm run build && firebase emulators:start --only functions",
    "shell": "npm run build && firebase functions:shell",
    "start": "npm run shell",
    "deploy": "firebase deploy --only functions",
    "logs": "firebase functions:log"
  },
  "engines": {
    "node": "14"
  },
  "main": "lib/index.js",
  "dependencies": {
    "firebase-admin": "^9.8.0",
    "firebase-functions": "^3.14.1"
  },
  "devDependencies": {
    "@typescript-eslint/eslint-plugin": "^3.9.1",
    "@typescript-eslint/parser": "^3.8.0",
    "eslint": "^7.6.0",
    "eslint-config-google": "^0.14.0",
    "eslint-plugin-import": "^2.22.0",
    "firebase-functions-test": "^0.2.0",
    "typescript": "^3.8.0"
  },
  "private": true
}
[debug] [2021-09-04T06:09:10.718Z] Building nodejs source
[info] i  functions: ensuring required API cloudfunctions.googleapis.com is enabled... 
[info] i  functions: ensuring required API cloudbuild.googleapis.com is enabled... 
[debug] [2021-09-04T06:09:10.720Z] >>> HTTP REQUEST GET https://serviceusage.googleapis.com/v1/projects/virag-d7f0f/services/cloudfunctions.googleapis.com  
 
[debug] [2021-09-04T06:09:10.721Z] >>> HTTP REQUEST GET https://serviceusage.googleapis.com/v1/projects/virag-d7f0f/services/runtimeconfig.googleapis.com  
 
[debug] [2021-09-04T06:09:10.721Z] >>> HTTP REQUEST GET https://serviceusage.googleapis.com/v1/projects/virag-d7f0f/services/cloudbuild.googleapis.com  
 
[debug] [2021-09-04T06:09:12.126Z] <<< HTTP RESPONSE 200 {"content-type":"application/json; charset=UTF-8","vary":"X-Origin, Referer, Origin,Accept-Encoding","date":"Sat, 04 Sep 2021 06:09:12 GMT","server":"ESF","cache-control":"private","x-xss-protection":"0","x-frame-options":"SAMEORIGIN","x-content-type-options":"nosniff","alt-svc":"h3=\":443\"; ma=2592000,h3-29=\":443\"; ma=2592000,h3-T051=\":443\"; ma=2592000,h3-Q050=\":443\"; ma=2592000,h3-Q046=\":443\"; ma=2592000,h3-Q043=\":443\"; ma=2592000,quic=\":443\"; ma=2592000; v=\"46,43\"","accept-ranges":"none","transfer-encoding":"chunked"}
[debug] [2021-09-04T06:09:12.242Z] <<< HTTP RESPONSE 200 {"content-type":"application/json; charset=UTF-8","vary":"X-Origin, Referer, Origin,Accept-Encoding","date":"Sat, 04 Sep 2021 06:09:12 GMT","server":"ESF","cache-control":"private","x-xss-protection":"0","x-frame-options":"SAMEORIGIN","x-content-type-options":"nosniff","alt-svc":"h3=\":443\"; ma=2592000,h3-29=\":443\"; ma=2592000,h3-T051=\":443\"; ma=2592000,h3-Q050=\":443\"; ma=2592000,h3-Q046=\":443\"; ma=2592000,h3-Q043=\":443\"; ma=2592000,quic=\":443\"; ma=2592000; v=\"46,43\"","accept-ranges":"none","transfer-encoding":"chunked"}
[info] ✔  functions: required API cloudbuild.googleapis.com is enabled 
[debug] [2021-09-04T06:09:12.291Z] <<< HTTP RESPONSE 200 {"content-type":"application/json; charset=UTF-8","vary":"X-Origin, Referer, Origin,Accept-Encoding","date":"Sat, 04 Sep 2021 06:09:12 GMT","server":"ESF","cache-control":"private","x-xss-protection":"0","x-frame-options":"SAMEORIGIN","x-content-type-options":"nosniff","alt-svc":"h3=\":443\"; ma=2592000,h3-29=\":443\"; ma=2592000,h3-T051=\":443\"; ma=2592000,h3-Q050=\":443\"; ma=2592000,h3-Q046=\":443\"; ma=2592000,h3-Q043=\":443\"; ma=2592000,quic=\":443\"; ma=2592000; v=\"46,43\"","accept-ranges":"none","transfer-encoding":"chunked"}
[info] ✔  functions: required API cloudfunctions.googleapis.com is enabled 
[debug] [2021-09-04T06:09:12.292Z] >>> HTTP REQUEST GET https://firebase.googleapis.com/v1beta1/projects/virag-d7f0f/adminSdkConfig  
 
[debug] [2021-09-04T06:09:13.325Z] <<< HTTP RESPONSE 200 {"content-type":"application/json; charset=UTF-8","vary":"X-Origin, Referer, Origin,Accept-Encoding","date":"Sat, 04 Sep 2021 06:09:13 GMT","server":"ESF","cache-control":"private","x-xss-protection":"0","x-frame-options":"SAMEORIGIN","x-content-type-options":"nosniff","alt-svc":"h3=\":443\"; ma=2592000,h3-29=\":443\"; ma=2592000,h3-T051=\":443\"; ma=2592000,h3-Q050=\":443\"; ma=2592000,h3-Q046=\":443\"; ma=2592000,h3-Q043=\":443\"; ma=2592000,quic=\":443\"; ma=2592000; v=\"46,43\"","accept-ranges":"none","transfer-encoding":"chunked"}
[debug] [2021-09-04T06:09:13.327Z] >>> HTTP REQUEST GET https://runtimeconfig.googleapis.com/v1beta1/projects/virag-d7f0f/configs  
 
[debug] [2021-09-04T06:09:14.144Z] <<< HTTP RESPONSE 200 {"content-type":"application/json; charset=UTF-8","vary":"X-Origin, Referer, Origin,Accept-Encoding","date":"Sat, 04 Sep 2021 06:09:13 GMT","server":"ESF","cache-control":"private","x-xss-protection":"0","x-frame-options":"SAMEORIGIN","x-content-type-options":"nosniff","alt-svc":"h3=\":443\"; ma=2592000,h3-29=\":443\"; ma=2592000,h3-T051=\":443\"; ma=2592000,h3-Q050=\":443\"; ma=2592000,h3-Q046=\":443\"; ma=2592000,h3-Q043=\":443\"; ma=2592000,quic=\":443\"; ma=2592000; v=\"46,43\"","accept-ranges":"none","transfer-encoding":"chunked"}
[debug] [2021-09-04T06:09:14.150Z] Analyzing nodejs backend spec
[info] i  functions: preparing functions directory for uploading... 
[info] i  functions: packaged functions (89.89 KB) for uploading 
[debug] [2021-09-04T06:09:14.421Z] >>> HTTP REQUEST GET https://cloudfunctions.googleapis.com/v1/projects/virag-d7f0f/locations/-/functions  
 
[debug] [2021-09-04T06:09:15.478Z] <<< HTTP RESPONSE 200 {"content-type":"application/json; charset=UTF-8","vary":"X-Origin, Referer, Origin,Accept-Encoding","date":"Sat, 04 Sep 2021 06:09:15 GMT","server":"ESF","cache-control":"private","x-xss-protection":"0","x-frame-options":"SAMEORIGIN","x-content-type-options":"nosniff","alt-svc":"h3=\":443\"; ma=2592000,h3-29=\":443\"; ma=2592000,h3-T051=\":443\"; ma=2592000,h3-Q050=\":443\"; ma=2592000,h3-Q046=\":443\"; ma=2592000,h3-Q043=\":443\"; ma=2592000,quic=\":443\"; ma=2592000; v=\"46,43\"","accept-ranges":"none","transfer-encoding":"chunked"}
[debug] [2021-09-04T06:09:15.483Z] >>> HTTP REQUEST POST https://cloudfunctions.googleapis.com/v1/projects/virag-d7f0f/locations/us-central1/functions:generateUploadUrl  
 
[debug] [2021-09-04T06:09:17.011Z] <<< HTTP RESPONSE 200 {"content-type":"application/json; charset=UTF-8","vary":"X-Origin, Referer, Origin,Accept-Encoding","date":"Sat, 04 Sep 2021 06:09:16 GMT","server":"ESF","cache-control":"private","x-xss-protection":"0","x-frame-options":"SAMEORIGIN","x-content-type-options":"nosniff","alt-svc":"h3=\":443\"; ma=2592000,h3-29=\":443\"; ma=2592000,h3-T051=\":443\"; ma=2592000,h3-Q050=\":443\"; ma=2592000,h3-Q046=\":443\"; ma=2592000,h3-Q043=\":443\"; ma=2592000,quic=\":443\"; ma=2592000; v=\"46,43\"","accept-ranges":"none","transfer-encoding":"chunked"}
[debug] [2021-09-04T06:09:17.012Z] >>> HTTP REQUEST PUT https://storage.googleapis.com/gcf-upload-us-central1-f950e2c8-54a8-4b8d-8f77-5b39eeebd769/901f6d3a-786b-464f-834e-830b6c2ddbd6.zip?GoogleAccessId=service-144265120378@gcf-admin-robot.iam.gserviceaccount.com&Expires=1630737556&Signature=UGiEsj17GPMQxpKJ8H51tcbOM6G1FtHFBaL4nffgYPrAs1oBk8obPrrK6uT6Vm0mJUyNQihe%2FGTvld%2FdGBFK6%2Bw7%2BwDMOGtBQXAMoSec%2Bfc%2B3kQCCx8omrfU21WZk%2BpkXzx44Yg7w2nj%2BDGaRJIuQm%2FIv07vEPQQap6F0ZGHiqrj%2FQGtC%2BMh1vkrXrQCyp3kvfCRFCCUWdcg63WJrC9dtYj%2FFra2GxmBqV4M50U0qxDtu12%2FHTV2bRnSXRwQl6zfeSFAdc32DXwvVdsQhBm8%2FS07FmZNCWIeMPglA%2BzkqxAZYzrAMmK0ybXeB84Ko%2B3U%2Fwq6nfTQUqts4DvsT7KP0A%3D%3D  
 <request body omitted>
[debug] [2021-09-04T06:09:18.072Z] <<< HTTP RESPONSE 200 {"x-guploader-uploadid":"ADPycds_1_rY_i7bubR76fPwJ8tadfxfytu41ThjMZicFyb249QhBUxDPZVN0hnJ1Lkw6m5I1LPTGpVf-axSdqaFTVM","etag":"\"1e11b2a004217075c399f925d92c661a\"","x-goog-generation":"1630735757984382","x-goog-metageneration":"1","x-goog-hash":"crc32c=YcXT2A==, md5=HhGyoAQhcHXDmfkl2SxmGg==","x-goog-stored-content-length":"92046","x-goog-stored-content-encoding":"identity","vary":"Origin","content-length":"0","date":"Sat, 04 Sep 2021 06:09:18 GMT","server":"UploadServer","content-type":"text/html; charset=UTF-8","alt-svc":"h3=\":443\"; ma=2592000,h3-29=\":443\"; ma=2592000,h3-T051=\":443\"; ma=2592000,h3-Q050=\":443\"; ma=2592000,h3-Q046=\":443\"; ma=2592000,h3-Q043=\":443\"; ma=2592000,quic=\":443\"; ma=2592000; v=\"46,43\""}
[info] ✔  functions: functions folder uploaded successfully 
[info] 
The following functions are found in your project but do not exist in your local source code:
	helloWorld(us-central1)

If you are renaming a function or changing its region, it is recommended that you create the new function first before deleting the old one to prevent event loss. For more info, visit https://firebase.google.com/docs/functions/manage-functions#modify

